#
# There is insufficient memory for the Java Runtime Environment to continue.
# Native memory allocation (malloc) failed to allocate 1048576 bytes for AllocateHeap
# Possible reasons:
#   The system is out of physical RAM or swap space
#   The process is running with CompressedOops enabled, and the Java Heap may be blocking the growth of the native heap
# Possible solutions:
#   Reduce memory load on the system
#   Increase physical memory or swap space
#   Check if swap backing store is full
#   Decrease Java heap size (-Xmx/-Xms)
#   Decrease number of Java threads
#   Decrease Java thread stack sizes (-Xss)
#   Set larger code cache with -XX:ReservedCodeCacheSize=
#   JVM is running with Unscaled Compressed Oops mode in which the Java heap is
#     placed in the first 4GB address space. The Java Heap base address is the
#     maximum limit for the native heap growth. Please use -XX:HeapBaseMinAddress
#     to set the Java Heap base and to place the Java Heap above 4GB virtual address.
# This output file may be truncated or incomplete.
#
#  Out of Memory Error (memory/allocation.inline.hpp:61), pid=11344, tid=0x0000000000001bb8
#
# JRE version:  (8.0) (build )
# Java VM: OpenJDK 64-Bit Server VM (25.71-b00 mixed mode windows-amd64 compressed oops)
# Failed to write core dump. Minidumps are not enabled by default on client versions of Windows
#

---------------  T H R E A D  ---------------

Current thread (0x000000000298e000):  JavaThread "Unknown thread" [_thread_in_vm, id=7096, stack(0x0000000002800000,0x0000000002900000)]

Stack: [0x0000000002800000,0x0000000002900000]
[error occurred during error reporting (printing stack bounds), id 0xc0000005]

Native frames: (J=compiled Java code, j=interpreted, Vv=VM code, C=native code)


---------------  P R O C E S S  ---------------

Java Threads: ( => current thread )

Other Threads:

=>0x000000000298e000 (exited) JavaThread "Unknown thread" [_thread_in_vm, id=7096, stack(0x0000000002800000,0x0000000002900000)]

VM state:not at safepoint (normal execution)

VM Mutex/Monitor currently owned by a thread: None

heap address: 0x0000000081600000, size: 2026 MB, Compressed Oops mode: 32-bit
Narrow klass base: 0x0000000000000000, Narrow klass shift: 3
Compressed class space size: 1073741824 Address: 0x0000000100000000

Heap:
 PSYoungGen      total 38400K, used 665K [0x00000000d5d00000, 0x00000000d8780000, 0x0000000100000000)
  eden space 33280K, 2% used [0x00000000d5d00000,0x00000000d5da6670,0x00000000d7d80000)
  from space 5120K, 0% used [0x00000000d8280000,0x00000000d8280000,0x00000000d8780000)
  to   space 5120K, 0% used [0x00000000d7d80000,0x00000000d7d80000,0x00000000d8280000)
 ParOldGen       total 87552K, used 0K [0x0000000081600000, 0x0000000086b80000, 0x00000000d5d00000)
  object space 87552K, 0% used [0x0000000081600000,0x0000000081600000,0x0000000086b80000)
 Metaspace       used 777K, capacity 4480K, committed 4480K, reserved 1056768K
  class space    used 74K, capacity 384K, committed 384K, reserved 1048576K

Card table byte_map: [0x0000000011e90000,0x0000000012290000] byte_map_base: 0x0000000011a85000

Marking Bits: (ParMarkBitMap*) 0x0000000056c08f30
 Begin Bits: [0x0000000012940000, 0x00000000148e8000)
 End Bits:   [0x00000000148e8000, 0x0000000016890000)

Polling page: 0x00000000011a0000

CodeCache: size=245760Kb used=328Kb max_used=328Kb free=245431Kb
 bounds [0x0000000002ad0000, 0x0000000002d40000, 0x0000000011ad0000]
 total_blobs=57 nmethods=0 adapters=38
 compilation: enabled

Compilation events (0 events):
No events

GC Heap History (0 events):
No events

Deoptimization events (0 events):
No events

Classes redefined (0 events):
No events

Internal exceptions (0 events):
No events

Events (10 events):
Event: 0.047 loading class java/lang/Short
Event: 0.047 loading class java/lang/Short done
Event: 0.047 loading class java/lang/Integer
Event: 0.047 loading class java/lang/Integer done
Event: 0.047 loading class java/lang/Long
Event: 0.047 loading class java/lang/Long done
Event: 0.048 loading class java/lang/NullPointerException
Event: 0.048 loading class java/lang/NullPointerException done
Event: 0.048 loading class java/lang/ArithmeticException
Event: 0.048 loading class java/lang/ArithmeticException done


Dynamic libraries:
0x00007ff76d2e0000 - 0x00007ff76d315000 	C:\Program Files\Android\Jdk\microsoft_dist_openjdk_1.8.0.25\bin\java.exe
0x00007ff9bc7c0000 - 0x00007ff9bc9b0000 	C:\WINDOWS\SYSTEM32\ntdll.dll
0x00007ff9bb6a0000 - 0x00007ff9bb752000 	C:\WINDOWS\System32\KERNEL32.DLL
0x00007ff9b97b0000 - 0x00007ff9b9a53000 	C:\WINDOWS\System32\KERNELBASE.dll
0x00007ff9bb480000 - 0x00007ff9bb523000 	C:\WINDOWS\System32\ADVAPI32.dll
0x00007ff9ba8f0000 - 0x00007ff9ba98e000 	C:\WINDOWS\System32\msvcrt.dll
0x00007ff9bb140000 - 0x00007ff9bb1d7000 	C:\WINDOWS\System32\sechost.dll
0x00007ff9bbb60000 - 0x00007ff9bbc80000 	C:\WINDOWS\System32\RPCRT4.dll
0x00007ff9bab10000 - 0x00007ff9baca4000 	C:\WINDOWS\System32\USER32.dll
0x00007ff9b9750000 - 0x00007ff9b9771000 	C:\WINDOWS\System32\win32u.dll
0x00007ff9bb670000 - 0x00007ff9bb696000 	C:\WINDOWS\System32\GDI32.dll
0x00007ff9ba6d0000 - 0x00007ff9ba864000 	C:\WINDOWS\System32\gdi32full.dll
0x00007ff9b9d10000 - 0x00007ff9b9dae000 	C:\WINDOWS\System32\msvcp_win.dll
0x00007ff9b9bf0000 - 0x00007ff9b9cea000 	C:\WINDOWS\System32\ucrtbase.dll
0x00007ff9ae760000 - 0x00007ff9ae9e5000 	C:\WINDOWS\WinSxS\amd64_microsoft.windows.common-controls_6595b64144ccf1df_6.0.18362.418_none_e6c6b287130d565d\COMCTL32.dll
0x00007ff9bbc80000 - 0x00007ff9bbfb6000 	C:\WINDOWS\System32\combase.dll
0x00007ff9b9a60000 - 0x00007ff9b9ae0000 	C:\WINDOWS\System32\bcryptPrimitives.dll
0x00007ff9ba990000 - 0x00007ff9ba9be000 	C:\WINDOWS\System32\IMM32.DLL
0x0000000056c90000 - 0x0000000056d61000 	C:\Program Files\Android\Jdk\microsoft_dist_openjdk_1.8.0.25\jre\bin\msvcr100.dll
0x0000000056440000 - 0x0000000056c85000 	C:\Program Files\Android\Jdk\microsoft_dist_openjdk_1.8.0.25\jre\bin\server\jvm.dll
0x00007ff9bbaa0000 - 0x00007ff9bbaa8000 	C:\WINDOWS\System32\PSAPI.DLL
0x00007ff9b6c30000 - 0x00007ff9b6c39000 	C:\WINDOWS\SYSTEM32\WSOCK32.dll
0x00007ff9bb540000 - 0x00007ff9bb5af000 	C:\WINDOWS\System32\WS2_32.dll
0x00007ff9b6230000 - 0x00007ff9b6254000 	C:\WINDOWS\SYSTEM32\WINMM.dll
0x00007ff9b37d0000 - 0x00007ff9b37da000 	C:\WINDOWS\SYSTEM32\VERSION.dll
0x00007ff9b6110000 - 0x00007ff9b613d000 	C:\WINDOWS\SYSTEM32\WINMMBASE.dll
0x00007ff9b9f00000 - 0x00007ff9b9f4a000 	C:\WINDOWS\System32\cfgmgr32.dll
0x00007ff9b2870000 - 0x00007ff9b287f000 	C:\Program Files\Android\Jdk\microsoft_dist_openjdk_1.8.0.25\jre\bin\verify.dll
0x00007ff9a9630000 - 0x00007ff9a9659000 	C:\Program Files\Android\Jdk\microsoft_dist_openjdk_1.8.0.25\jre\bin\java.dll
0x00007ff9a2880000 - 0x00007ff9a2896000 	C:\Program Files\Android\Jdk\microsoft_dist_openjdk_1.8.0.25\jre\bin\zip.dll

VM Arguments:
java_command: <unknown>
java_class_path (initial): .
Launcher Type: SUN_STANDARD

Environment Variables:
PATH=C:\Program Files\Android\Jdk\microsoft_dist_openjdk_1.8.0.25\bin;C:\Program Files (x86)\NVIDIA Corporation\PhysX\Common;C:\WINDOWS\system32;C:\WINDOWS;C:\WINDOWS\System32\Wbem;C:\WINDOWS\System32\WindowsPowerShell\v1.0\;C:\Program Files (x86)\GtkSharp\2.12\bin;C:\Program Files (x86)\Skype\Phone\;C:\WINDOWS\System32\OpenSSH\;c:\ediabas\bin;C:\Program Files\dotnet\;C:\TDM-GCC-64\bin;C:\Program Files\Java\jdk1.8.0_111\bin;C:\Program Files\PuTTY\;C:\Users\Dell\AppData\Local\Programs\Python\Python36-32\Scripts\;C:\Users\Dell\AppData\Local\Programs\Python\Python36-32\;C:\Users\Dell\AppData\Local\Microsoft\WindowsApps;C:\Users\Dell\AppData\Local\GitHubDesktop\bin
USERNAME=Dell
OS=Windows_NT
PROCESSOR_IDENTIFIER=Intel64 Family 6 Model 61 Stepping 4, GenuineIntel



---------------  S Y S T E M  ---------------

OS: Windows 10.0 , 64 bit Build 18362 (10.0.18362.329)

CPU:total 4 (initial active 4) (2 cores per cpu, 2 threads per core) family 6 model 61 stepping 4, cmov, cx8, fxsr, mmx, sse, sse2, sse3, ssse3, sse4.1, sse4.2, popcnt, avx, avx2, aes, clmul, erms, 3dnowpref, lzcnt, ht, tsc, tscinvbit, bmi1, bmi2, adx

Memory: 4k page, physical 8297780k(2108128k free), swap 10251572k(6696k free)

vm_info: OpenJDK 64-Bit Server VM (25.71-b00) for windows-amd64 JRE (1.8.0-25-microsoft-b00), built on Feb  7 2019 20:09:14 by "builder" with MS VC++ 10.0 (VS2010)

time: Fri Oct 11 07:33:52 2019
timezone: FLE Summer Time
elapsed time: 0 seconds (0d 0h 0m 0s)

