#
# There is insufficient memory for the Java Runtime Environment to continue.
# Native memory allocation (malloc) failed to allocate 32744 bytes for ChunkPool::allocate
# Possible reasons:
#   The system is out of physical RAM or swap space
#   The process is running with CompressedOops enabled, and the Java Heap may be blocking the growth of the native heap
# Possible solutions:
#   Reduce memory load on the system
#   Increase physical memory or swap space
#   Check if swap backing store is full
#   Decrease Java heap size (-Xmx/-Xms)
#   Decrease number of Java threads
#   Decrease Java thread stack sizes (-Xss)
#   Set larger code cache with -XX:ReservedCodeCacheSize=
#   JVM is running with Unscaled Compressed Oops mode in which the Java heap is
#     placed in the first 4GB address space. The Java Heap base address is the
#     maximum limit for the native heap growth. Please use -XX:HeapBaseMinAddress
#     to set the Java Heap base and to place the Java Heap above 4GB virtual address.
# This output file may be truncated or incomplete.
#
#  Out of Memory Error (allocation.cpp:272), pid=10636, tid=0x0000000000002754
#
# JRE version: OpenJDK Runtime Environment (8.0) (build 1.8.0-25-microsoft-b00)
# Java VM: OpenJDK 64-Bit Server VM (25.71-b00 mixed mode windows-amd64 compressed oops)
# Failed to write core dump. Minidumps are not enabled by default on client versions of Windows
#

---------------  T H R E A D  ---------------

Current thread (0x0000000015354000):  JavaThread "C2 CompilerThread1" daemon [_thread_in_native, id=10068, stack(0x0000000016af0000,0x0000000016bf0000)]

Stack: [0x0000000016af0000,0x0000000016bf0000]
[error occurred during error reporting (printing stack bounds), id 0xc0000005]

Native frames: (J=compiled Java code, j=interpreted, Vv=VM code, C=native code)


Current CompileTask:
C2:  19024 2196   !   4       com.android.dx.cf.code.Ropper::processBlock (1101 bytes)


---------------  P R O C E S S  ---------------

Java Threads: ( => current thread )
  0x000000001539e800 JavaThread "Service Thread" daemon [_thread_blocked, id=5988, stack(0x00000000170f0000,0x00000000171f0000)]
  0x0000000015359000 JavaThread "C1 CompilerThread2" daemon [_thread_in_vm, id=9884, stack(0x0000000016bf0000,0x0000000016cf0000)]
=>0x0000000015354000 JavaThread "C2 CompilerThread1" daemon [_thread_in_native, id=10068, stack(0x0000000016af0000,0x0000000016bf0000)]
  0x0000000015347000 JavaThread "C2 CompilerThread0" daemon [_thread_in_native, id=12068, stack(0x00000000169f0000,0x0000000016af0000)]
  0x0000000015345800 JavaThread "Attach Listener" daemon [_thread_blocked, id=7672, stack(0x00000000168f0000,0x00000000169f0000)]
  0x0000000015344000 JavaThread "Signal Dispatcher" daemon [_thread_blocked, id=6932, stack(0x00000000167f0000,0x00000000168f0000)]
  0x0000000002c6a800 JavaThread "Finalizer" daemon [_thread_blocked, id=2812, stack(0x00000000165d0000,0x00000000166d0000)]
  0x0000000015329000 JavaThread "Reference Handler" daemon [_thread_blocked, id=1452, stack(0x00000000164d0000,0x00000000165d0000)]
  0x0000000000c0e000 JavaThread "main" [_thread_in_Java, id=7692, stack(0x0000000002a70000,0x0000000002b70000)]

Other Threads:
  0x0000000015305800 VMThread [stack: 0x00000000163d0000,0x00000000164d0000] [id=3812]
  0x0000000016d25800 WatcherThread [stack: 0x00000000171f0000,0x00000000172f0000] [id=4584]

VM state:not at safepoint (normal execution)

VM Mutex/Monitor currently owned by a thread: None

heap address: 0x00000000c0000000, size: 1024 MB, Compressed Oops mode: 32-bit
Narrow klass base: 0x0000000000000000, Narrow klass shift: 3
Compressed class space size: 1073741824 Address: 0x0000000100000000

Heap:
 PSYoungGen      total 232960K, used 67164K [0x00000000eab00000, 0x00000000ffe00000, 0x0000000100000000)
  eden space 116736K, 18% used [0x00000000eab00000,0x00000000ebf987f8,0x00000000f1d00000)
  from space 116224K, 39% used [0x00000000f1d00000,0x00000000f49fe9e0,0x00000000f8e80000)
  to   space 113152K, 0% used [0x00000000f8f80000,0x00000000f8f80000,0x00000000ffe00000)
 ParOldGen       total 293376K, used 238572K [0x00000000c0000000, 0x00000000d1e80000, 0x00000000eab00000)
  object space 293376K, 81% used [0x00000000c0000000,0x00000000ce8fb130,0x00000000d1e80000)
 Metaspace       used 7249K, capacity 7864K, committed 8192K, reserved 1056768K
  class space    used 631K, capacity 688K, committed 768K, reserved 1048576K

Card table byte_map: [0x0000000012030000,0x0000000012240000] byte_map_base: 0x0000000011a30000

Marking Bits: (ParMarkBitMap*) 0x0000000056c28f30
 Begin Bits: [0x00000000127a0000, 0x00000000137a0000)
 End Bits:   [0x00000000137a0000, 0x00000000147a0000)

Polling page: 0x0000000001140000

CodeCache: size=245760Kb used=12522Kb max_used=12522Kb free=233237Kb
 bounds [0x0000000002c70000, 0x00000000038c0000, 0x0000000011c70000]
 total_blobs=3104 nmethods=2828 adapters=189
 compilation: enabled

Compilation events (10 events):
Event: 18.891 Thread 0x0000000015359000 nmethod 3292 0x00000000038a9890 code [0x00000000038a9aa0, 0x00000000038aa168]
Event: 18.894 Thread 0x0000000015359000 3294       2       com.android.dx.dex.file.CatchStructs::writeTo (178 bytes)
Event: 18.895 Thread 0x0000000015359000 nmethod 3294 0x00000000038b3390 code [0x00000000038b3600, 0x00000000038b3ed8]
Event: 18.898 Thread 0x0000000015359000 3295       2       com.android.dx.util.ByteArrayAnnotatedOutput::writeZeroes (68 bytes)
Event: 18.899 Thread 0x0000000015359000 nmethod 3295 0x00000000038a9090 code [0x00000000038a9240, 0x00000000038a95f8]
Event: 18.934 Thread 0x0000000015359000 3296       2       com.android.dx.dex.code.form.Form31i::writeTo (39 bytes)
Event: 18.934 Thread 0x0000000015359000 nmethod 3296 0x00000000038b48d0 code [0x00000000038b4aa0, 0x00000000038b4e78]
Event: 18.940 Thread 0x0000000015359000 3297       2       com.android.dx.dex.code.SwitchData::writeTo (272 bytes)
Event: 18.942 Thread 0x0000000015359000 nmethod 3297 0x00000000038b5290 code [0x00000000038b5520, 0x00000000038b5f18]
Event: 18.952 Thread 0x0000000015359000 3298       2       com.android.dx.dex.code.ArrayData::writeTo (284 bytes)

GC Heap History (10 events):
Event: 13.198 GC heap before
{Heap before GC invocations=15 (full 2):
 PSYoungGen      total 241664K, used 227886K [0x00000000eab00000, 0x0000000100000000, 0x0000000100000000)
  eden space 180224K, 100% used [0x00000000eab00000,0x00000000f5b00000,0x00000000f5b00000)
  from space 61440K, 77% used [0x00000000fc400000,0x00000000ff28b970,0x0000000100000000)
  to   space 84480K, 0% used [0x00000000f5b00000,0x00000000f5b00000,0x00000000fad80000)
 ParOldGen       total 293376K, used 164988K [0x00000000c0000000, 0x00000000d1e80000, 0x00000000eab00000)
  object space 293376K, 56% used [0x00000000c0000000,0x00000000ca11f298,0x00000000d1e80000)
 Metaspace       used 6720K, capacity 7350K, committed 7552K, reserved 1056768K
  class space    used 610K, capacity 622K, committed 640K, reserved 1048576K
Event: 13.381 GC heap after
Heap after GC invocations=15 (full 2):
 PSYoungGen      total 252416K, used 71958K [0x00000000eab00000, 0x0000000100000000, 0x0000000100000000)
  eden space 180224K, 0% used [0x00000000eab00000,0x00000000eab00000,0x00000000f5b00000)
  from space 72192K, 99% used [0x00000000f5b00000,0x00000000fa145ba0,0x00000000fa180000)
  to   space 93696K, 0% used [0x00000000fa480000,0x00000000fa480000,0x0000000100000000)
 ParOldGen       total 293376K, used 164996K [0x00000000c0000000, 0x00000000d1e80000, 0x00000000eab00000)
  object space 293376K, 56% used [0x00000000c0000000,0x00000000ca121298,0x00000000d1e80000)
 Metaspace       used 6720K, capacity 7350K, committed 7552K, reserved 1056768K
  class space    used 610K, capacity 622K, committed 640K, reserved 1048576K
}
Event: 14.166 GC heap before
{Heap before GC invocations=16 (full 2):
 PSYoungGen      total 252416K, used 252182K [0x00000000eab00000, 0x0000000100000000, 0x0000000100000000)
  eden space 180224K, 100% used [0x00000000eab00000,0x00000000f5b00000,0x00000000f5b00000)
  from space 72192K, 99% used [0x00000000f5b00000,0x00000000fa145ba0,0x00000000fa180000)
  to   space 93696K, 0% used [0x00000000fa480000,0x00000000fa480000,0x0000000100000000)
 ParOldGen       total 293376K, used 164996K [0x00000000c0000000, 0x00000000d1e80000, 0x00000000eab00000)
  object space 293376K, 56% used [0x00000000c0000000,0x00000000ca121298,0x00000000d1e80000)
 Metaspace       used 6720K, capacity 7350K, committed 7552K, reserved 1056768K
  class space    used 610K, capacity 622K, committed 640K, reserved 1048576K
Event: 14.320 GC heap after
Heap after GC invocations=16 (full 2):
 PSYoungGen      total 221696K, used 93675K [0x00000000eab00000, 0x0000000100000000, 0x0000000100000000)
  eden space 128000K, 0% used [0x00000000eab00000,0x00000000eab00000,0x00000000f2800000)
  from space 93696K, 99% used [0x00000000fa480000,0x00000000ffffaf88,0x0000000100000000)
  to   space 110592K, 0% used [0x00000000f2800000,0x00000000f2800000,0x00000000f9400000)
 ParOldGen       total 293376K, used 170267K [0x00000000c0000000, 0x00000000d1e80000, 0x00000000eab00000)
  object space 293376K, 58% used [0x00000000c0000000,0x00000000ca646f60,0x00000000d1e80000)
 Metaspace       used 6720K, capacity 7350K, committed 7552K, reserved 1056768K
  class space    used 610K, capacity 622K, committed 640K, reserved 1048576K
}
Event: 14.901 GC heap before
{Heap before GC invocations=17 (full 2):
 PSYoungGen      total 221696K, used 221675K [0x00000000eab00000, 0x0000000100000000, 0x0000000100000000)
  eden space 128000K, 100% used [0x00000000eab00000,0x00000000f2800000,0x00000000f2800000)
  from space 93696K, 99% used [0x00000000fa480000,0x00000000ffffaf88,0x0000000100000000)
  to   space 110592K, 0% used [0x00000000f2800000,0x00000000f2800000,0x00000000f9400000)
 ParOldGen       total 293376K, used 170267K [0x00000000c0000000, 0x00000000d1e80000, 0x00000000eab00000)
  object space 293376K, 58% used [0x00000000c0000000,0x00000000ca646f60,0x00000000d1e80000)
 Metaspace       used 6721K, capacity 7350K, committed 7552K, reserved 1056768K
  class space    used 610K, capacity 622K, committed 640K, reserved 1048576K
Event: 15.074 GC heap after
Heap after GC invocations=17 (full 2):
 PSYoungGen      total 194048K, used 65673K [0x00000000eab00000, 0x0000000100000000, 0x0000000100000000)
  eden space 128000K, 0% used [0x00000000eab00000,0x00000000eab00000,0x00000000f2800000)
  from space 66048K, 99% used [0x00000000f2800000,0x00000000f6822750,0x00000000f6880000)
  to   space 112128K, 0% used [0x00000000f9280000,0x00000000f9280000,0x0000000100000000)
 ParOldGen       total 293376K, used 216836K [0x00000000c0000000, 0x00000000d1e80000, 0x00000000eab00000)
  object space 293376K, 73% used [0x00000000c0000000,0x00000000cd3c1130,0x00000000d1e80000)
 Metaspace       used 6721K, capacity 7350K, committed 7552K, reserved 1056768K
  class space    used 610K, capacity 622K, committed 640K, reserved 1048576K
}
Event: 15.733 GC heap before
{Heap before GC invocations=18 (full 2):
 PSYoungGen      total 194048K, used 193673K [0x00000000eab00000, 0x0000000100000000, 0x0000000100000000)
  eden space 128000K, 100% used [0x00000000eab00000,0x00000000f2800000,0x00000000f2800000)
  from space 66048K, 99% used [0x00000000f2800000,0x00000000f6822750,0x00000000f6880000)
  to   space 112128K, 0% used [0x00000000f9280000,0x00000000f9280000,0x0000000100000000)
 ParOldGen       total 293376K, used 216836K [0x00000000c0000000, 0x00000000d1e80000, 0x00000000eab00000)
  object space 293376K, 73% used [0x00000000c0000000,0x00000000cd3c1130,0x00000000d1e80000)
 Metaspace       used 6797K, capacity 7448K, committed 7680K, reserved 1056768K
  class space    used 614K, capacity 656K, committed 768K, reserved 1048576K
Event: 15.851 GC heap after
Heap after GC invocations=18 (full 2):
 PSYoungGen      total 228864K, used 83238K [0x00000000eab00000, 0x0000000100000000, 0x0000000100000000)
  eden space 116736K, 0% used [0x00000000eab00000,0x00000000eab00000,0x00000000f1d00000)
  from space 112128K, 74% used [0x00000000f9280000,0x00000000fe3c9b70,0x0000000100000000)
  to   space 116224K, 0% used [0x00000000f1d00000,0x00000000f1d00000,0x00000000f8e80000)
 ParOldGen       total 293376K, used 216836K [0x00000000c0000000, 0x00000000d1e80000, 0x00000000eab00000)
  object space 293376K, 73% used [0x00000000c0000000,0x00000000cd3c1130,0x00000000d1e80000)
 Metaspace       used 6797K, capacity 7448K, committed 7680K, reserved 1056768K
  class space    used 614K, capacity 656K, committed 768K, reserved 1048576K
}
Event: 18.243 GC heap before
{Heap before GC invocations=19 (full 2):
 PSYoungGen      total 228864K, used 199974K [0x00000000eab00000, 0x0000000100000000, 0x0000000100000000)
  eden space 116736K, 100% used [0x00000000eab00000,0x00000000f1d00000,0x00000000f1d00000)
  from space 112128K, 74% used [0x00000000f9280000,0x00000000fe3c9b70,0x0000000100000000)
  to   space 116224K, 0% used [0x00000000f1d00000,0x00000000f1d00000,0x00000000f8e80000)
 ParOldGen       total 293376K, used 216836K [0x00000000c0000000, 0x00000000d1e80000, 0x00000000eab00000)
  object space 293376K, 73% used [0x00000000c0000000,0x00000000cd3c1130,0x00000000d1e80000)
 Metaspace       used 7136K, capacity 7736K, committed 7936K, reserved 1056768K
  class space    used 629K, capacity 688K, committed 768K, reserved 1048576K
Event: 18.361 GC heap after
Heap after GC invocations=19 (full 2):
 PSYoungGen      total 232960K, used 46074K [0x00000000eab00000, 0x00000000ffe00000, 0x0000000100000000)
  eden space 116736K, 0% used [0x00000000eab00000,0x00000000eab00000,0x00000000f1d00000)
  from space 116224K, 39% used [0x00000000f1d00000,0x00000000f49fe9e0,0x00000000f8e80000)
  to   space 113152K, 0% used [0x00000000f8f80000,0x00000000f8f80000,0x00000000ffe00000)
 ParOldGen       total 293376K, used 238572K [0x00000000c0000000, 0x00000000d1e80000, 0x00000000eab00000)
  object space 293376K, 81% used [0x00000000c0000000,0x00000000ce8fb130,0x00000000d1e80000)
 Metaspace       used 7136K, capacity 7736K, committed 7936K, reserved 1056768K
  class space    used 629K, capacity 688K, committed 768K, reserved 1048576K
}

Deoptimization events (10 events):
Event: 16.670 Thread 0x0000000000c0e000 Uncommon trap: reason=class_check action=maybe_recompile pc=0x0000000002f3bb68 method=java.util.Arrays.equals([Ljava/lang/Object;[Ljava/lang/Object;)Z @ 62
Event: 16.670 Thread 0x0000000000c0e000 Uncommon trap: reason=speculate_class_check action=maybe_recompile pc=0x0000000002f45d80 method=com.android.dx.util.FixedSizeList.equals(Ljava/lang/Object;)Z @ 25
Event: 16.670 Thread 0x0000000000c0e000 Uncommon trap: reason=class_check action=maybe_recompile pc=0x0000000002f3bb68 method=java.util.Arrays.equals([Ljava/lang/Object;[Ljava/lang/Object;)Z @ 62
Event: 16.670 Thread 0x0000000000c0e000 Uncommon trap: reason=speculate_class_check action=maybe_recompile pc=0x0000000002f45d80 method=com.android.dx.util.FixedSizeList.equals(Ljava/lang/Object;)Z @ 25
Event: 16.670 Thread 0x0000000000c0e000 Uncommon trap: reason=class_check action=maybe_recompile pc=0x0000000002f3bb68 method=java.util.Arrays.equals([Ljava/lang/Object;[Ljava/lang/Object;)Z @ 62
Event: 16.671 Thread 0x0000000000c0e000 Uncommon trap: reason=unstable_if action=reinterpret pc=0x00000000033e518c method=java.util.TreeMap.put(Ljava/lang/Object;Ljava/lang/Object;)Ljava/lang/Object; @ 163
Event: 16.734 Thread 0x0000000000c0e000 Uncommon trap: reason=unstable_if action=reinterpret pc=0x000000000361a26c method=com.android.dx.rop.code.RegisterSpecSet.equals(Ljava/lang/Object;)Z @ 30
Event: 17.243 Thread 0x0000000000c0e000 Uncommon trap: reason=unstable_if action=reinterpret pc=0x00000000033a17bc method=com.android.dx.dex.code.LocalList$MakeState.snapshot(ILcom/android/dx/rop/code/RegisterSpecSet;)V @ 86
Event: 17.926 Thread 0x0000000000c0e000 Uncommon trap: reason=unstable_if action=reinterpret pc=0x0000000002eeea7c method=com.android.dx.dex.code.OutputFinisher.align64bits([Lcom/android/dx/dex/code/Dop;)V @ 237
Event: 17.990 Thread 0x0000000000c0e000 Uncommon trap: reason=unstable_if action=reinterpret pc=0x0000000002fc94bc method=com.android.dx.dex.code.LocalList$MakeState.aboutToProcess(II)V @ 54

Classes redefined (0 events):
No events

Internal exceptions (7 events):
Event: 0.030 Thread 0x0000000000c0e000 Exception <a 'java/lang/NoSuchMethodError': Method sun.misc.Unsafe.defineClass(Ljava/lang/String;[BII)Ljava/lang/Class; name or signature does not match> (0x00000000eab07cb0) thrown at [D:\j\worksp~1\openjd~3\jdk8u\hotspot\src\share\vm\prims\jni.cpp, line
Event: 0.030 Thread 0x0000000000c0e000 Exception <a 'java/lang/NoSuchMethodError': Method sun.misc.Unsafe.prefetchRead(Ljava/lang/Object;J)V name or signature does not match> (0x00000000eab07f98) thrown at [D:\j\worksp~1\openjd~3\jdk8u\hotspot\src\share\vm\prims\jni.cpp, line 4012]
Event: 2.207 Thread 0x0000000016f41000 Implicit null exception at 0x0000000002f4a2e2 to 0x0000000002f4a3da
Event: 3.104 Thread 0x0000000016f41000 Implicit null exception at 0x000000000342caa5 to 0x000000000342d3a5
Event: 4.176 Thread 0x0000000000c0e000 Exception <a 'java/lang/ArrayIndexOutOfBoundsException': 18> (0x00000000eb4891a8) thrown at [D:\j\worksp~1\openjd~3\jdk8u\hotspot\src\share\vm\interpreter\interpreterRuntime.cpp, line 368]
Event: 4.177 Thread 0x0000000000c0e000 Exception <a 'java/lang/ArrayIndexOutOfBoundsException': 145> (0x00000000eb48ad28) thrown at [D:\j\worksp~1\openjd~3\jdk8u\hotspot\src\share\vm\interpreter\interpreterRuntime.cpp, line 368]
Event: 4.178 Thread 0x0000000000c0e000 Exception <a 'java/lang/ArrayIndexOutOfBoundsException'> (0x00000000eb48c010) thrown at [D:\j\worksp~1\openjd~3\jdk8u\hotspot\src\share\vm\runtime\sharedRuntime.cpp, line 605]

Events (10 events):
Event: 18.401 loading class com/android/dex/EncodedValueCodec
Event: 18.401 loading class com/android/dex/EncodedValueCodec done
Event: 18.492 loading class com/android/dx/dex/file/MapItem
Event: 18.492 loading class com/android/dx/dex/file/MapItem done
Event: 18.528 loading class com/android/dex/DexFormat
Event: 18.528 loading class com/android/dex/DexFormat done
Event: 18.775 Thread 0x0000000000c0e000 DEOPT PACKING pc=0x000000000387f505 sp=0x0000000002b6eb40
Event: 18.775 Thread 0x0000000000c0e000 DEOPT UNPACKING pc=0x0000000002cb75d0 sp=0x0000000002b6e8b0 mode 0
Event: 18.780 Thread 0x0000000000c0e000 DEOPT PACKING pc=0x0000000003881000 sp=0x0000000002b6eab0
Event: 18.780 Thread 0x0000000000c0e000 DEOPT UNPACKING pc=0x0000000002cb75d0 sp=0x0000000002b6e898 mode 0


Dynamic libraries:
0x00007ff76d2e0000 - 0x00007ff76d315000 	C:\Program Files\Android\Jdk\microsoft_dist_openjdk_1.8.0.25\bin\java.exe
0x00007ff9bc7c0000 - 0x00007ff9bc9b0000 	C:\WINDOWS\SYSTEM32\ntdll.dll
0x00007ff9bb6a0000 - 0x00007ff9bb752000 	C:\WINDOWS\System32\KERNEL32.DLL
0x00007ff9b97b0000 - 0x00007ff9b9a53000 	C:\WINDOWS\System32\KERNELBASE.dll
0x00007ff9bb480000 - 0x00007ff9bb523000 	C:\WINDOWS\System32\ADVAPI32.dll
0x00007ff9ba8f0000 - 0x00007ff9ba98e000 	C:\WINDOWS\System32\msvcrt.dll
0x00007ff9bb140000 - 0x00007ff9bb1d7000 	C:\WINDOWS\System32\sechost.dll
0x00007ff9bbb60000 - 0x00007ff9bbc80000 	C:\WINDOWS\System32\RPCRT4.dll
0x00007ff9bab10000 - 0x00007ff9baca4000 	C:\WINDOWS\System32\USER32.dll
0x00007ff9b9750000 - 0x00007ff9b9771000 	C:\WINDOWS\System32\win32u.dll
0x00007ff9bb670000 - 0x00007ff9bb696000 	C:\WINDOWS\System32\GDI32.dll
0x00007ff9ba6d0000 - 0x00007ff9ba864000 	C:\WINDOWS\System32\gdi32full.dll
0x00007ff9b9d10000 - 0x00007ff9b9dae000 	C:\WINDOWS\System32\msvcp_win.dll
0x00007ff9b9bf0000 - 0x00007ff9b9cea000 	C:\WINDOWS\System32\ucrtbase.dll
0x00007ff9ae760000 - 0x00007ff9ae9e5000 	C:\WINDOWS\WinSxS\amd64_microsoft.windows.common-controls_6595b64144ccf1df_6.0.18362.418_none_e6c6b287130d565d\COMCTL32.dll
0x00007ff9bbc80000 - 0x00007ff9bbfb6000 	C:\WINDOWS\System32\combase.dll
0x00007ff9b9a60000 - 0x00007ff9b9ae0000 	C:\WINDOWS\System32\bcryptPrimitives.dll
0x00007ff9ba990000 - 0x00007ff9ba9be000 	C:\WINDOWS\System32\IMM32.DLL
0x0000000056cb0000 - 0x0000000056d81000 	C:\Program Files\Android\Jdk\microsoft_dist_openjdk_1.8.0.25\jre\bin\msvcr100.dll
0x0000000056460000 - 0x0000000056ca5000 	C:\Program Files\Android\Jdk\microsoft_dist_openjdk_1.8.0.25\jre\bin\server\jvm.dll
0x00007ff9bbaa0000 - 0x00007ff9bbaa8000 	C:\WINDOWS\System32\PSAPI.DLL
0x00007ff9b1d20000 - 0x00007ff9b1d29000 	C:\WINDOWS\SYSTEM32\WSOCK32.dll
0x00007ff9b6230000 - 0x00007ff9b6254000 	C:\WINDOWS\SYSTEM32\WINMM.dll
0x00007ff9bb540000 - 0x00007ff9bb5af000 	C:\WINDOWS\System32\WS2_32.dll
0x00007ff9b37d0000 - 0x00007ff9b37da000 	C:\WINDOWS\SYSTEM32\VERSION.dll
0x00007ff9b6110000 - 0x00007ff9b613d000 	C:\WINDOWS\SYSTEM32\winmmbase.dll
0x00007ff9b9f00000 - 0x00007ff9b9f4a000 	C:\WINDOWS\System32\cfgmgr32.dll
0x00007ff9afd80000 - 0x00007ff9afd8f000 	C:\Program Files\Android\Jdk\microsoft_dist_openjdk_1.8.0.25\jre\bin\verify.dll
0x00007ff9ac820000 - 0x00007ff9ac849000 	C:\Program Files\Android\Jdk\microsoft_dist_openjdk_1.8.0.25\jre\bin\java.dll
0x00007ff9ac9f0000 - 0x00007ff9aca06000 	C:\Program Files\Android\Jdk\microsoft_dist_openjdk_1.8.0.25\jre\bin\zip.dll
0x00007ff9bbfc0000 - 0x00007ff9bc6a5000 	C:\WINDOWS\System32\SHELL32.dll
0x00007ff9bbab0000 - 0x00007ff9bbb59000 	C:\WINDOWS\System32\shcore.dll
0x00007ff9b9f50000 - 0x00007ff9ba6cf000 	C:\WINDOWS\System32\windows.storage.dll
0x00007ff9b9730000 - 0x00007ff9b974f000 	C:\WINDOWS\System32\profapi.dll
0x00007ff9b96e0000 - 0x00007ff9b972a000 	C:\WINDOWS\System32\powrprof.dll
0x00007ff9b9690000 - 0x00007ff9b96a0000 	C:\WINDOWS\System32\UMPDC.dll
0x00007ff9bba40000 - 0x00007ff9bba92000 	C:\WINDOWS\System32\shlwapi.dll
0x00007ff9b96c0000 - 0x00007ff9b96d1000 	C:\WINDOWS\System32\kernel.appcore.dll
0x00007ff9b9cf0000 - 0x00007ff9b9d07000 	C:\WINDOWS\System32\cryptsp.dll

VM Arguments:
jvm_args: -Dfile.encoding=UTF8 -Xmx1G 
java_command: C:\Program Files (x86)\Android\android-sdk\build-tools\28.0.3\\lib\dx.jar --dex --no-strict --input-list=C:\Users\Dell\AppData\Local\Temp\tmp6BD5.tmp --output obj\Debug\90\android\bin
java_class_path (initial): C:\Program Files (x86)\Android\android-sdk\build-tools\28.0.3\\lib\dx.jar
Launcher Type: SUN_STANDARD

Environment Variables:
PATH=C:\Program Files\Android\Jdk\microsoft_dist_openjdk_1.8.0.25\bin;C:\Program Files (x86)\NVIDIA Corporation\PhysX\Common;C:\WINDOWS\system32;C:\WINDOWS;C:\WINDOWS\System32\Wbem;C:\WINDOWS\System32\WindowsPowerShell\v1.0\;C:\Program Files (x86)\GtkSharp\2.12\bin;C:\Program Files (x86)\Skype\Phone\;C:\WINDOWS\System32\OpenSSH\;c:\ediabas\bin;C:\Program Files\dotnet\;C:\TDM-GCC-64\bin;C:\Program Files\Java\jdk1.8.0_111\bin;C:\Program Files\PuTTY\;C:\Users\Dell\AppData\Local\Programs\Python\Python36-32\Scripts\;C:\Users\Dell\AppData\Local\Programs\Python\Python36-32\;C:\Users\Dell\AppData\Local\Microsoft\WindowsApps;C:\Users\Dell\AppData\Local\GitHubDesktop\bin
USERNAME=Dell
OS=Windows_NT
PROCESSOR_IDENTIFIER=Intel64 Family 6 Model 61 Stepping 4, GenuineIntel



---------------  S Y S T E M  ---------------

OS: Windows 10.0 , 64 bit Build 18362 (10.0.18362.329)

CPU:total 4 (initial active 4) (2 cores per cpu, 2 threads per core) family 6 model 61 stepping 4, cmov, cx8, fxsr, mmx, sse, sse2, sse3, ssse3, sse4.1, sse4.2, popcnt, avx, avx2, aes, clmul, erms, 3dnowpref, lzcnt, ht, tsc, tscinvbit, bmi1, bmi2, adx

Memory: 4k page, physical 8297780k(2350468k free), swap 10251572k(4484k free)

vm_info: OpenJDK 64-Bit Server VM (25.71-b00) for windows-amd64 JRE (1.8.0-25-microsoft-b00), built on Feb  7 2019 20:09:14 by "builder" with MS VC++ 10.0 (VS2010)

time: Fri Oct 11 06:45:53 2019
timezone: FLE Summer Time
elapsed time: 19 seconds (0d 0h 0m 19s)

